DEB [20231018-10:49:09.362] thr=1   paramiko.transport: starting thread (client mode): 0xd72bf4d0
DEB [20231018-10:49:09.368] thr=1   paramiko.transport: Local version/idstring: SSH-2.0-paramiko_2.11.1
DEB [20231018-10:49:09.377] thr=1   paramiko.transport: Remote version/idstring: SSH-2.0-OpenSSH_8.9p1 Ubuntu-3ubuntu0.4
INF [20231018-10:49:09.382] thr=1   paramiko.transport: Connected (version 2.0, client OpenSSH_8.9p1)
DEB [20231018-10:49:09.386] thr=1   paramiko.transport: === Key exchange possibilities ===
DEB [20231018-10:49:09.389] thr=1   paramiko.transport: kex algos: curve25519-sha256, curve25519-sha256@libssh.org, ecdh-sha2-nistp256, ecdh-sha2-nistp384, ecdh-sha2-nistp521, sntrup761x25519-sha512@openssh.com, diffie-hellman-group-exchange-sha256, diffie-hellman-group16-sha512, diffie-hellman-group18-sha512, diffie-hellman-group14-sha256
DEB [20231018-10:49:09.392] thr=1   paramiko.transport: server key: rsa-sha2-512, rsa-sha2-256, ecdsa-sha2-nistp256, ssh-ed25519
DEB [20231018-10:49:09.394] thr=1   paramiko.transport: client encrypt: chacha20-poly1305@openssh.com, aes128-ctr, aes192-ctr, aes256-ctr, aes128-gcm@openssh.com, aes256-gcm@openssh.com
DEB [20231018-10:49:09.396] thr=1   paramiko.transport: server encrypt: chacha20-poly1305@openssh.com, aes128-ctr, aes192-ctr, aes256-ctr, aes128-gcm@openssh.com, aes256-gcm@openssh.com
DEB [20231018-10:49:09.399] thr=1   paramiko.transport: client mac: umac-64-etm@openssh.com, umac-128-etm@openssh.com, hmac-sha2-256-etm@openssh.com, hmac-sha2-512-etm@openssh.com, hmac-sha1-etm@openssh.com, umac-64@openssh.com, umac-128@openssh.com, hmac-sha2-256, hmac-sha2-512, hmac-sha1
DEB [20231018-10:49:09.401] thr=1   paramiko.transport: server mac: umac-64-etm@openssh.com, umac-128-etm@openssh.com, hmac-sha2-256-etm@openssh.com, hmac-sha2-512-etm@openssh.com, hmac-sha1-etm@openssh.com, umac-64@openssh.com, umac-128@openssh.com, hmac-sha2-256, hmac-sha2-512, hmac-sha1
DEB [20231018-10:49:09.403] thr=1   paramiko.transport: client compress: none, zlib@openssh.com
DEB [20231018-10:49:09.407] thr=1   paramiko.transport: server compress: none, zlib@openssh.com
DEB [20231018-10:49:09.409] thr=1   paramiko.transport: client lang: <none>
DEB [20231018-10:49:09.410] thr=1   paramiko.transport: server lang: <none>
DEB [20231018-10:49:09.412] thr=1   paramiko.transport: kex follows: False
DEB [20231018-10:49:09.414] thr=1   paramiko.transport: === Key exchange agreements ===
DEB [20231018-10:49:09.416] thr=1   paramiko.transport: Kex: curve25519-sha256@libssh.org
DEB [20231018-10:49:09.418] thr=1   paramiko.transport: HostKey: ssh-ed25519
DEB [20231018-10:49:09.420] thr=1   paramiko.transport: Cipher: aes128-ctr
DEB [20231018-10:49:09.421] thr=1   paramiko.transport: MAC: hmac-sha2-256
DEB [20231018-10:49:09.423] thr=1   paramiko.transport: Compression: none
DEB [20231018-10:49:09.424] thr=1   paramiko.transport: === End of kex handshake ===
DEB [20231018-10:49:09.455] thr=1   paramiko.transport: kex engine KexCurve25519 specified hash_algo <built-in function openssl_sha256>
DEB [20231018-10:49:09.461] thr=1   paramiko.transport: Switch to new keys ...
DEB [20231018-10:49:09.465] thr=2   paramiko.transport: Adding ssh-ed25519 host key for 192.168.5.123: b'9e3ef495d298e90c5b6f6b192e05cece'
DEB [20231018-10:49:09.466] thr=1   paramiko.transport: Got EXT_INFO: {'server-sig-algs': b'ssh-ed25519,sk-ssh-ed25519@openssh.com,ssh-rsa,rsa-sha2-256,rsa-sha2-512,ssh-dss,ecdsa-sha2-nistp256,ecdsa-sha2-nistp384,ecdsa-sha2-nistp521,sk-ecdsa-sha2-nistp256@openssh.com,webauthn-sk-ecdsa-sha2-nistp256@openssh.com', 'publickey-hostbound@openssh.com': b'0'}
DEB [20231018-10:49:09.956] thr=2   paramiko.transport: Trying discovered key b'5b3b325be15f6619d46930f048bd4bc6' in /home/ntaloventi/.ssh/id_rsa
DEB [20231018-10:49:09.989] thr=1   paramiko.transport: userauth is OK
DEB [20231018-10:49:09.991] thr=1   paramiko.transport: Finalizing pubkey algorithm for key of type 'ssh-rsa'
DEB [20231018-10:49:09.993] thr=1   paramiko.transport: Our pubkey algorithm list: ['rsa-sha2-512', 'rsa-sha2-256', 'ssh-rsa']
DEB [20231018-10:49:09.995] thr=1   paramiko.transport: Server-side algorithm list: ['ssh-ed25519', 'sk-ssh-ed25519@openssh.com', 'ssh-rsa', 'rsa-sha2-256', 'rsa-sha2-512', 'ssh-dss', 'ecdsa-sha2-nistp256', 'ecdsa-sha2-nistp384', 'ecdsa-sha2-nistp521', 'sk-ecdsa-sha2-nistp256@openssh.com', 'webauthn-sk-ecdsa-sha2-nistp256@openssh.com']
DEB [20231018-10:49:09.997] thr=1   paramiko.transport: Agreed upon 'rsa-sha2-512' pubkey algorithm
INF [20231018-10:49:10.023] thr=1   paramiko.transport: Authentication (publickey) failed.
DEB [20231018-10:49:10.039] thr=1   paramiko.transport: userauth is OK
INF [20231018-10:49:12.855] thr=1   paramiko.transport: Authentication (password) failed.
DEB [20231018-10:50:16.614] thr=1   paramiko.transport: starting thread (client mode): 0x2d267350
DEB [20231018-10:50:16.616] thr=1   paramiko.transport: Local version/idstring: SSH-2.0-paramiko_2.11.1
DEB [20231018-10:50:16.677] thr=1   paramiko.transport: Remote version/idstring: SSH-2.0-OpenSSH_8.9p1 Ubuntu-3ubuntu0.4
INF [20231018-10:50:16.679] thr=1   paramiko.transport: Connected (version 2.0, client OpenSSH_8.9p1)
DEB [20231018-10:50:16.684] thr=1   paramiko.transport: === Key exchange possibilities ===
DEB [20231018-10:50:16.685] thr=1   paramiko.transport: kex algos: curve25519-sha256, curve25519-sha256@libssh.org, ecdh-sha2-nistp256, ecdh-sha2-nistp384, ecdh-sha2-nistp521, sntrup761x25519-sha512@openssh.com, diffie-hellman-group-exchange-sha256, diffie-hellman-group16-sha512, diffie-hellman-group18-sha512, diffie-hellman-group14-sha256
DEB [20231018-10:50:16.687] thr=1   paramiko.transport: server key: rsa-sha2-512, rsa-sha2-256, ecdsa-sha2-nistp256, ssh-ed25519
DEB [20231018-10:50:16.688] thr=1   paramiko.transport: client encrypt: chacha20-poly1305@openssh.com, aes128-ctr, aes192-ctr, aes256-ctr, aes128-gcm@openssh.com, aes256-gcm@openssh.com
DEB [20231018-10:50:16.690] thr=1   paramiko.transport: server encrypt: chacha20-poly1305@openssh.com, aes128-ctr, aes192-ctr, aes256-ctr, aes128-gcm@openssh.com, aes256-gcm@openssh.com
DEB [20231018-10:50:16.691] thr=1   paramiko.transport: client mac: umac-64-etm@openssh.com, umac-128-etm@openssh.com, hmac-sha2-256-etm@openssh.com, hmac-sha2-512-etm@openssh.com, hmac-sha1-etm@openssh.com, umac-64@openssh.com, umac-128@openssh.com, hmac-sha2-256, hmac-sha2-512, hmac-sha1
DEB [20231018-10:50:16.693] thr=1   paramiko.transport: server mac: umac-64-etm@openssh.com, umac-128-etm@openssh.com, hmac-sha2-256-etm@openssh.com, hmac-sha2-512-etm@openssh.com, hmac-sha1-etm@openssh.com, umac-64@openssh.com, umac-128@openssh.com, hmac-sha2-256, hmac-sha2-512, hmac-sha1
DEB [20231018-10:50:16.694] thr=1   paramiko.transport: client compress: none, zlib@openssh.com
DEB [20231018-10:50:16.696] thr=1   paramiko.transport: server compress: none, zlib@openssh.com
DEB [20231018-10:50:16.697] thr=1   paramiko.transport: client lang: <none>
DEB [20231018-10:50:16.698] thr=1   paramiko.transport: server lang: <none>
DEB [20231018-10:50:16.700] thr=1   paramiko.transport: kex follows: False
DEB [20231018-10:50:16.701] thr=1   paramiko.transport: === Key exchange agreements ===
DEB [20231018-10:50:16.703] thr=1   paramiko.transport: Kex: curve25519-sha256@libssh.org
DEB [20231018-10:50:16.704] thr=1   paramiko.transport: HostKey: ssh-ed25519
DEB [20231018-10:50:16.706] thr=1   paramiko.transport: Cipher: aes128-ctr
DEB [20231018-10:50:16.707] thr=1   paramiko.transport: MAC: hmac-sha2-256
DEB [20231018-10:50:16.709] thr=1   paramiko.transport: Compression: none
DEB [20231018-10:50:16.710] thr=1   paramiko.transport: === End of kex handshake ===
DEB [20231018-10:50:16.761] thr=1   paramiko.transport: kex engine KexCurve25519 specified hash_algo <built-in function openssl_sha256>
DEB [20231018-10:50:16.763] thr=1   paramiko.transport: Switch to new keys ...
DEB [20231018-10:50:16.765] thr=2   paramiko.transport: Adding ssh-ed25519 host key for 192.168.5.123: b'9e3ef495d298e90c5b6f6b192e05cece'
DEB [20231018-10:50:16.765] thr=1   paramiko.transport: Got EXT_INFO: {'server-sig-algs': b'ssh-ed25519,sk-ssh-ed25519@openssh.com,ssh-rsa,rsa-sha2-256,rsa-sha2-512,ssh-dss,ecdsa-sha2-nistp256,ecdsa-sha2-nistp384,ecdsa-sha2-nistp521,sk-ecdsa-sha2-nistp256@openssh.com,webauthn-sk-ecdsa-sha2-nistp256@openssh.com', 'publickey-hostbound@openssh.com': b'0'}
DEB [20231018-10:50:17.026] thr=1   paramiko.transport: userauth is OK
INF [20231018-10:50:17.095] thr=1   paramiko.transport: Authentication (password) successful!
DEB [20231018-10:50:17.098] thr=2   paramiko.transport: [chan 0] Max packet in: 32768 bytes
DEB [20231018-10:50:17.155] thr=1   paramiko.transport: Received global request "hostkeys-00@openssh.com"
DEB [20231018-10:50:17.157] thr=1   paramiko.transport: Rejecting "hostkeys-00@openssh.com" global request from server.
DEB [20231018-10:50:17.208] thr=1   paramiko.transport: [chan 0] Max packet out: 32768 bytes
DEB [20231018-10:50:17.210] thr=1   paramiko.transport: Secsh channel 0 opened.
DEB [20231018-10:50:17.252] thr=1   paramiko.transport: [chan 0] Sesch channel 0 request ok
INF [20231018-10:50:17.267] thr=2   paramiko.transport.sftp: [chan 0] Opened sftp connection (server version 3)
INF [20231018-10:50:17.269] thr=2   paramiko.transport.sftp: [chan 0] sftp session closed.
DEB [20231018-10:50:17.271] thr=2   paramiko.transport: [chan 0] EOF sent (0)
DEB [20231018-10:55:42.681] thr=1   paramiko.transport: starting thread (client mode): 0x44c86d90
DEB [20231018-10:55:42.683] thr=1   paramiko.transport: Local version/idstring: SSH-2.0-paramiko_2.11.1
DEB [20231018-10:55:43.021] thr=1   paramiko.transport: Remote version/idstring: SSH-2.0-OpenSSH_8.9p1 Ubuntu-3ubuntu0.4
INF [20231018-10:55:43.023] thr=1   paramiko.transport: Connected (version 2.0, client OpenSSH_8.9p1)
DEB [20231018-10:55:43.290] thr=1   paramiko.transport: === Key exchange possibilities ===
DEB [20231018-10:55:43.292] thr=1   paramiko.transport: kex algos: curve25519-sha256, curve25519-sha256@libssh.org, ecdh-sha2-nistp256, ecdh-sha2-nistp384, ecdh-sha2-nistp521, sntrup761x25519-sha512@openssh.com, diffie-hellman-group-exchange-sha256, diffie-hellman-group16-sha512, diffie-hellman-group18-sha512, diffie-hellman-group14-sha256
DEB [20231018-10:55:43.294] thr=1   paramiko.transport: server key: rsa-sha2-512, rsa-sha2-256, ecdsa-sha2-nistp256, ssh-ed25519
DEB [20231018-10:55:43.295] thr=1   paramiko.transport: client encrypt: chacha20-poly1305@openssh.com, aes128-ctr, aes192-ctr, aes256-ctr, aes128-gcm@openssh.com, aes256-gcm@openssh.com
DEB [20231018-10:55:43.297] thr=1   paramiko.transport: server encrypt: chacha20-poly1305@openssh.com, aes128-ctr, aes192-ctr, aes256-ctr, aes128-gcm@openssh.com, aes256-gcm@openssh.com
DEB [20231018-10:55:43.298] thr=1   paramiko.transport: client mac: umac-64-etm@openssh.com, umac-128-etm@openssh.com, hmac-sha2-256-etm@openssh.com, hmac-sha2-512-etm@openssh.com, hmac-sha1-etm@openssh.com, umac-64@openssh.com, umac-128@openssh.com, hmac-sha2-256, hmac-sha2-512, hmac-sha1
DEB [20231018-10:55:43.300] thr=1   paramiko.transport: server mac: umac-64-etm@openssh.com, umac-128-etm@openssh.com, hmac-sha2-256-etm@openssh.com, hmac-sha2-512-etm@openssh.com, hmac-sha1-etm@openssh.com, umac-64@openssh.com, umac-128@openssh.com, hmac-sha2-256, hmac-sha2-512, hmac-sha1
DEB [20231018-10:55:43.302] thr=1   paramiko.transport: client compress: none, zlib@openssh.com
DEB [20231018-10:55:43.303] thr=1   paramiko.transport: server compress: none, zlib@openssh.com
DEB [20231018-10:55:43.305] thr=1   paramiko.transport: client lang: <none>
DEB [20231018-10:55:43.306] thr=1   paramiko.transport: server lang: <none>
DEB [20231018-10:55:43.308] thr=1   paramiko.transport: kex follows: False
DEB [20231018-10:55:43.309] thr=1   paramiko.transport: === Key exchange agreements ===
DEB [20231018-10:55:43.311] thr=1   paramiko.transport: Kex: curve25519-sha256@libssh.org
DEB [20231018-10:55:43.313] thr=1   paramiko.transport: HostKey: ssh-ed25519
DEB [20231018-10:55:43.314] thr=1   paramiko.transport: Cipher: aes128-ctr
DEB [20231018-10:55:43.316] thr=1   paramiko.transport: MAC: hmac-sha2-256
DEB [20231018-10:55:43.317] thr=1   paramiko.transport: Compression: none
DEB [20231018-10:55:43.320] thr=1   paramiko.transport: === End of kex handshake ===
DEB [20231018-10:55:44.436] thr=1   paramiko.transport: kex engine KexCurve25519 specified hash_algo <built-in function openssl_sha256>
DEB [20231018-10:55:44.439] thr=1   paramiko.transport: Switch to new keys ...
DEB [20231018-10:55:44.442] thr=1   paramiko.transport: Got EXT_INFO: {'server-sig-algs': b'ssh-ed25519,sk-ssh-ed25519@openssh.com,ssh-rsa,rsa-sha2-256,rsa-sha2-512,ssh-dss,ecdsa-sha2-nistp256,ecdsa-sha2-nistp384,ecdsa-sha2-nistp521,sk-ecdsa-sha2-nistp256@openssh.com,webauthn-sk-ecdsa-sha2-nistp256@openssh.com', 'publickey-hostbound@openssh.com': b'0'}
DEB [20231018-10:55:44.442] thr=2   paramiko.transport: Adding ssh-ed25519 host key for 192.168.5.123: b'9e3ef495d298e90c5b6f6b192e05cece'
DEB [20231018-10:55:52.221] thr=1   paramiko.transport: userauth is OK
INF [20231018-10:55:53.371] thr=1   paramiko.transport: Authentication (password) successful!
DEB [20231018-10:55:53.374] thr=2   paramiko.transport: [chan 0] Max packet in: 32768 bytes
DEB [20231018-10:55:53.405] thr=1   paramiko.transport: Received global request "hostkeys-00@openssh.com"
DEB [20231018-10:55:53.406] thr=1   paramiko.transport: Rejecting "hostkeys-00@openssh.com" global request from server.
DEB [20231018-10:55:53.528] thr=1   paramiko.transport: [chan 0] Max packet out: 32768 bytes
DEB [20231018-10:55:53.530] thr=1   paramiko.transport: Secsh channel 0 opened.
DEB [20231018-10:55:53.577] thr=1   paramiko.transport: [chan 0] Sesch channel 0 request ok
INF [20231018-10:55:53.590] thr=2   paramiko.transport.sftp: [chan 0] Opened sftp connection (server version 3)
DEB [20231018-10:56:33.904] thr=1   paramiko.transport: starting thread (client mode): 0xd3fb70d0
DEB [20231018-10:56:33.907] thr=1   paramiko.transport: Local version/idstring: SSH-2.0-paramiko_2.11.1
DEB [20231018-10:56:33.930] thr=1   paramiko.transport: Remote version/idstring: SSH-2.0-OpenSSH_8.9p1 Ubuntu-3ubuntu0.4
INF [20231018-10:56:33.932] thr=1   paramiko.transport: Connected (version 2.0, client OpenSSH_8.9p1)
DEB [20231018-10:56:33.985] thr=1   paramiko.transport: === Key exchange possibilities ===
DEB [20231018-10:56:33.987] thr=1   paramiko.transport: kex algos: curve25519-sha256, curve25519-sha256@libssh.org, ecdh-sha2-nistp256, ecdh-sha2-nistp384, ecdh-sha2-nistp521, sntrup761x25519-sha512@openssh.com, diffie-hellman-group-exchange-sha256, diffie-hellman-group16-sha512, diffie-hellman-group18-sha512, diffie-hellman-group14-sha256
DEB [20231018-10:56:33.989] thr=1   paramiko.transport: server key: rsa-sha2-512, rsa-sha2-256, ecdsa-sha2-nistp256, ssh-ed25519
DEB [20231018-10:56:33.990] thr=1   paramiko.transport: client encrypt: chacha20-poly1305@openssh.com, aes128-ctr, aes192-ctr, aes256-ctr, aes128-gcm@openssh.com, aes256-gcm@openssh.com
DEB [20231018-10:56:33.992] thr=1   paramiko.transport: server encrypt: chacha20-poly1305@openssh.com, aes128-ctr, aes192-ctr, aes256-ctr, aes128-gcm@openssh.com, aes256-gcm@openssh.com
DEB [20231018-10:56:33.993] thr=1   paramiko.transport: client mac: umac-64-etm@openssh.com, umac-128-etm@openssh.com, hmac-sha2-256-etm@openssh.com, hmac-sha2-512-etm@openssh.com, hmac-sha1-etm@openssh.com, umac-64@openssh.com, umac-128@openssh.com, hmac-sha2-256, hmac-sha2-512, hmac-sha1
DEB [20231018-10:56:33.995] thr=1   paramiko.transport: server mac: umac-64-etm@openssh.com, umac-128-etm@openssh.com, hmac-sha2-256-etm@openssh.com, hmac-sha2-512-etm@openssh.com, hmac-sha1-etm@openssh.com, umac-64@openssh.com, umac-128@openssh.com, hmac-sha2-256, hmac-sha2-512, hmac-sha1
DEB [20231018-10:56:33.996] thr=1   paramiko.transport: client compress: none, zlib@openssh.com
DEB [20231018-10:56:33.997] thr=1   paramiko.transport: server compress: none, zlib@openssh.com
DEB [20231018-10:56:33.999] thr=1   paramiko.transport: client lang: <none>
DEB [20231018-10:56:34.000] thr=1   paramiko.transport: server lang: <none>
DEB [20231018-10:56:34.002] thr=1   paramiko.transport: kex follows: False
DEB [20231018-10:56:34.003] thr=1   paramiko.transport: === Key exchange agreements ===
DEB [20231018-10:56:34.005] thr=1   paramiko.transport: Kex: curve25519-sha256@libssh.org
DEB [20231018-10:56:34.006] thr=1   paramiko.transport: HostKey: ssh-ed25519
DEB [20231018-10:56:34.007] thr=1   paramiko.transport: Cipher: aes128-ctr
DEB [20231018-10:56:34.009] thr=1   paramiko.transport: MAC: hmac-sha2-256
DEB [20231018-10:56:34.010] thr=1   paramiko.transport: Compression: none
DEB [20231018-10:56:34.012] thr=1   paramiko.transport: === End of kex handshake ===
DEB [20231018-10:56:34.067] thr=1   paramiko.transport: kex engine KexCurve25519 specified hash_algo <built-in function openssl_sha256>
DEB [20231018-10:56:34.070] thr=1   paramiko.transport: Switch to new keys ...
DEB [20231018-10:56:34.072] thr=1   paramiko.transport: Got EXT_INFO: {'server-sig-algs': b'ssh-ed25519,sk-ssh-ed25519@openssh.com,ssh-rsa,rsa-sha2-256,rsa-sha2-512,ssh-dss,ecdsa-sha2-nistp256,ecdsa-sha2-nistp384,ecdsa-sha2-nistp521,sk-ecdsa-sha2-nistp256@openssh.com,webauthn-sk-ecdsa-sha2-nistp256@openssh.com', 'publickey-hostbound@openssh.com': b'0'}
DEB [20231018-10:56:34.072] thr=2   paramiko.transport: Adding ssh-ed25519 host key for 192.168.5.123: b'9e3ef495d298e90c5b6f6b192e05cece'
DEB [20231018-10:56:34.348] thr=1   paramiko.transport: userauth is OK
INF [20231018-10:56:34.417] thr=1   paramiko.transport: Authentication (password) successful!
DEB [20231018-10:56:34.419] thr=2   paramiko.transport: [chan 0] Max packet in: 32768 bytes
DEB [20231018-10:56:34.702] thr=1   paramiko.transport: Received global request "hostkeys-00@openssh.com"
DEB [20231018-10:56:34.704] thr=1   paramiko.transport: Rejecting "hostkeys-00@openssh.com" global request from server.
DEB [20231018-10:56:34.759] thr=1   paramiko.transport: [chan 0] Max packet out: 32768 bytes
DEB [20231018-10:56:34.761] thr=1   paramiko.transport: Secsh channel 0 opened.
DEB [20231018-10:56:34.789] thr=1   paramiko.transport: [chan 0] Sesch channel 0 request ok
INF [20231018-10:56:34.829] thr=2   paramiko.transport.sftp: [chan 0] Opened sftp connection (server version 3)
INF [20231018-10:56:34.840] thr=2   paramiko.transport.sftp: [chan 0] sftp session closed.
DEB [20231018-10:56:34.842] thr=2   paramiko.transport: [chan 0] EOF sent (0)
DEB [20231018-10:57:46.062] thr=1   paramiko.transport: starting thread (client mode): 0x43f25150
DEB [20231018-10:57:46.065] thr=1   paramiko.transport: Local version/idstring: SSH-2.0-paramiko_2.11.1
DEB [20231018-10:57:46.088] thr=1   paramiko.transport: Remote version/idstring: SSH-2.0-OpenSSH_8.9p1 Ubuntu-3ubuntu0.4
INF [20231018-10:57:46.090] thr=1   paramiko.transport: Connected (version 2.0, client OpenSSH_8.9p1)
DEB [20231018-10:57:46.127] thr=1   paramiko.transport: === Key exchange possibilities ===
DEB [20231018-10:57:46.130] thr=1   paramiko.transport: kex algos: curve25519-sha256, curve25519-sha256@libssh.org, ecdh-sha2-nistp256, ecdh-sha2-nistp384, ecdh-sha2-nistp521, sntrup761x25519-sha512@openssh.com, diffie-hellman-group-exchange-sha256, diffie-hellman-group16-sha512, diffie-hellman-group18-sha512, diffie-hellman-group14-sha256
DEB [20231018-10:57:46.132] thr=1   paramiko.transport: server key: rsa-sha2-512, rsa-sha2-256, ecdsa-sha2-nistp256, ssh-ed25519
DEB [20231018-10:57:46.134] thr=1   paramiko.transport: client encrypt: chacha20-poly1305@openssh.com, aes128-ctr, aes192-ctr, aes256-ctr, aes128-gcm@openssh.com, aes256-gcm@openssh.com
DEB [20231018-10:57:46.135] thr=1   paramiko.transport: server encrypt: chacha20-poly1305@openssh.com, aes128-ctr, aes192-ctr, aes256-ctr, aes128-gcm@openssh.com, aes256-gcm@openssh.com
DEB [20231018-10:57:46.137] thr=1   paramiko.transport: client mac: umac-64-etm@openssh.com, umac-128-etm@openssh.com, hmac-sha2-256-etm@openssh.com, hmac-sha2-512-etm@openssh.com, hmac-sha1-etm@openssh.com, umac-64@openssh.com, umac-128@openssh.com, hmac-sha2-256, hmac-sha2-512, hmac-sha1
DEB [20231018-10:57:46.139] thr=1   paramiko.transport: server mac: umac-64-etm@openssh.com, umac-128-etm@openssh.com, hmac-sha2-256-etm@openssh.com, hmac-sha2-512-etm@openssh.com, hmac-sha1-etm@openssh.com, umac-64@openssh.com, umac-128@openssh.com, hmac-sha2-256, hmac-sha2-512, hmac-sha1
DEB [20231018-10:57:46.141] thr=1   paramiko.transport: client compress: none, zlib@openssh.com
DEB [20231018-10:57:46.143] thr=1   paramiko.transport: server compress: none, zlib@openssh.com
DEB [20231018-10:57:46.144] thr=1   paramiko.transport: client lang: <none>
DEB [20231018-10:57:46.146] thr=1   paramiko.transport: server lang: <none>
DEB [20231018-10:57:46.148] thr=1   paramiko.transport: kex follows: False
DEB [20231018-10:57:46.150] thr=1   paramiko.transport: === Key exchange agreements ===
DEB [20231018-10:57:46.152] thr=1   paramiko.transport: Kex: curve25519-sha256@libssh.org
DEB [20231018-10:57:46.154] thr=1   paramiko.transport: HostKey: ssh-ed25519
DEB [20231018-10:57:46.156] thr=1   paramiko.transport: Cipher: aes128-ctr
DEB [20231018-10:57:46.157] thr=1   paramiko.transport: MAC: hmac-sha2-256
DEB [20231018-10:57:46.159] thr=1   paramiko.transport: Compression: none
DEB [20231018-10:57:46.161] thr=1   paramiko.transport: === End of kex handshake ===
DEB [20231018-10:57:46.222] thr=1   paramiko.transport: kex engine KexCurve25519 specified hash_algo <built-in function openssl_sha256>
DEB [20231018-10:57:46.225] thr=1   paramiko.transport: Switch to new keys ...
DEB [20231018-10:57:46.227] thr=1   paramiko.transport: Got EXT_INFO: {'server-sig-algs': b'ssh-ed25519,sk-ssh-ed25519@openssh.com,ssh-rsa,rsa-sha2-256,rsa-sha2-512,ssh-dss,ecdsa-sha2-nistp256,ecdsa-sha2-nistp384,ecdsa-sha2-nistp521,sk-ecdsa-sha2-nistp256@openssh.com,webauthn-sk-ecdsa-sha2-nistp256@openssh.com', 'publickey-hostbound@openssh.com': b'0'}
DEB [20231018-10:57:46.227] thr=2   paramiko.transport: Adding ssh-ed25519 host key for 192.168.5.123: b'9e3ef495d298e90c5b6f6b192e05cece'
DEB [20231018-10:57:46.850] thr=1   paramiko.transport: userauth is OK
INF [20231018-10:57:46.920] thr=1   paramiko.transport: Authentication (password) successful!
DEB [20231018-10:57:46.924] thr=2   paramiko.transport: [chan 0] Max packet in: 32768 bytes
DEB [20231018-10:57:46.998] thr=1   paramiko.transport: Received global request "hostkeys-00@openssh.com"
DEB [20231018-10:57:47.000] thr=1   paramiko.transport: Rejecting "hostkeys-00@openssh.com" global request from server.
DEB [20231018-10:57:47.082] thr=1   paramiko.transport: [chan 0] Max packet out: 32768 bytes
DEB [20231018-10:57:47.084] thr=1   paramiko.transport: Secsh channel 0 opened.
DEB [20231018-10:57:47.103] thr=1   paramiko.transport: [chan 0] Sesch channel 0 request ok
INF [20231018-10:57:47.113] thr=2   paramiko.transport.sftp: [chan 0] Opened sftp connection (server version 3)
DEB [20231018-10:57:47.130] thr=2   paramiko.transport.sftp: [chan 0] open(b'/mnt/pten/PTEN_IN', 'wb')
INF [20231018-10:57:47.228] thr=2   paramiko.transport.sftp: [chan 0] sftp session closed.
DEB [20231018-10:57:47.230] thr=2   paramiko.transport: [chan 0] EOF sent (0)
